<?xml version="1.0" encoding="UTF-8"?>
<!-- Generated by org.testng.reporters.JUnitReportReporter -->
<testsuite hostname="DESKTOP-4OH5PF9" failures="0" tests="1" name="GaadiBazzar.SearchByBudget" time="17.466" errors="0" timestamp="2022-06-01T09:21:38 IST" skipped="0">
  <testcase classname="GaadiBazzar.SearchByBudget" name="searchGaadiBybudget" time="17.466"/>
  <system-out/>
</testsuite> <!-- GaadiBazzar.SearchByBudget -->
